SF:lib\data\datasources\movie_local_data_source.dart
DA:16,1
DA:18,1
DA:21,2
DA:24,2
DA:28,1
DA:31,2
DA:34,2
DA:38,1
DA:40,2
DA:42,1
DA:48,1
DA:50,2
DA:51,4
LF:13
LH:13
end_of_record
SF:lib\utils\exception.dart
DA:6,4
LF:1
LH:1
end_of_record
SF:lib\data\models\movie_table.dart
DA:12,5
DA:19,2
DA:20,1
DA:21,1
DA:22,1
DA:23,1
DA:26,2
DA:27,1
DA:28,1
DA:29,1
DA:30,1
DA:33,2
DA:34,1
DA:35,1
DA:36,1
DA:37,1
DA:40,2
DA:41,1
DA:42,1
DA:43,1
DA:44,1
DA:47,2
DA:49,10
LF:23
LH:23
end_of_record
SF:lib\domain\entities\genre.dart
DA:4,8
DA:12,3
DA:13,9
LF:3
LH:3
end_of_record
SF:lib\domain\entities\movie.dart
DA:4,6
DA:20,3
DA:51,2
DA:52,2
DA:53,2
DA:54,2
DA:55,2
DA:56,2
DA:57,2
DA:58,2
DA:59,2
DA:60,2
DA:61,2
DA:62,2
DA:63,2
DA:64,2
DA:65,2
LF:17
LH:17
end_of_record
SF:lib\domain\entities\movie_detail.dart
DA:6,3
DA:34,1
DA:35,1
DA:36,1
DA:37,1
DA:38,1
DA:39,1
DA:40,1
DA:41,1
DA:42,1
DA:43,1
DA:44,1
DA:45,1
DA:46,1
LF:14
LH:14
end_of_record
SF:lib\data\datasources\db\database_helper.dart
DA:10,1
DA:14,2
DA:18,1
DA:19,1
DA:26,1
DA:27,1
DA:28,1
DA:30,1
DA:31,1
DA:36,0
DA:37,0
DA:46,0
DA:56,1
DA:57,1
DA:58,2
DA:61,1
DA:62,1
DA:63,2
DA:66,1
DA:67,1
DA:68,1
DA:71,2
DA:75,1
DA:76,1
DA:77,1
DA:80,2
DA:84,1
DA:85,1
DA:86,1
DA:89,1
DA:92,1
DA:93,0
DA:99,1
DA:100,1
DA:101,1
DA:104,1
DA:107,1
DA:108,0
DA:114,0
DA:115,0
DA:117,0
DA:122,0
DA:123,0
DA:125,0
DA:130,0
DA:131,0
DA:132,0
DA:133,0
LF:48
LH:33
end_of_record
SF:lib\data\datasources\movie_remote_data_source.dart
DA:22,1
DA:24,1
DA:27,3
DA:29,2
DA:30,4
DA:32,1
DA:36,1
DA:39,4
DA:41,2
DA:42,3
DA:44,1
DA:48,1
DA:50,1
DA:51,3
DA:53,2
DA:54,4
DA:56,1
DA:60,1
DA:63,3
DA:65,2
DA:66,4
DA:68,1
DA:72,1
DA:75,3
DA:77,2
DA:78,4
DA:80,1
DA:84,1
DA:86,1
DA:87,3
DA:89,2
DA:90,4
DA:92,1
LF:33
LH:33
end_of_record
SF:lib\data\datasources\tv_series_local_data_source.dart
DA:15,1
DA:17,1
DA:20,2
DA:23,2
DA:27,1
DA:30,2
DA:33,2
DA:37,1
DA:39,2
DA:41,1
DA:47,1
DA:49,2
DA:50,4
LF:13
LH:13
end_of_record
SF:lib\data\datasources\tv_series_remote_data_source.dart
DA:23,1
DA:25,1
DA:28,3
DA:30,2
DA:31,4
DA:33,1
DA:37,1
DA:40,3
DA:42,2
DA:43,4
DA:45,1
DA:49,1
DA:52,3
DA:54,2
DA:55,4
DA:57,1
DA:61,1
DA:63,1
DA:64,3
DA:66,2
DA:67,4
DA:69,1
DA:73,1
DA:75,4
DA:77,2
DA:78,3
DA:80,1
DA:84,1
DA:86,1
DA:87,3
DA:89,2
DA:90,4
DA:92,1
LF:33
LH:33
end_of_record
SF:lib\data\models\movie_detail_model.dart
DA:7,4
DA:53,2
DA:54,2
DA:55,2
DA:56,2
DA:57,2
DA:58,2
DA:59,8
DA:60,2
DA:61,2
DA:62,2
DA:63,2
DA:64,2
DA:65,2
DA:66,4
DA:67,2
DA:68,2
DA:69,2
DA:70,2
DA:71,2
DA:72,2
DA:73,2
DA:74,2
DA:75,4
DA:76,2
DA:79,2
DA:80,1
DA:81,1
DA:82,1
DA:83,5
DA:84,1
DA:85,1
DA:86,1
DA:87,1
DA:88,1
DA:89,1
DA:90,1
DA:91,1
DA:92,1
DA:93,1
DA:94,1
DA:95,1
DA:96,1
DA:97,1
DA:98,1
DA:99,1
DA:100,1
DA:103,1
DA:104,1
DA:105,1
DA:106,1
DA:107,5
DA:108,1
DA:109,1
DA:110,1
DA:111,1
DA:112,1
DA:113,1
DA:114,1
DA:115,1
DA:116,1
DA:120,2
DA:122,2
DA:123,2
DA:124,2
DA:125,2
DA:126,2
DA:127,2
DA:128,2
DA:129,2
DA:130,2
DA:131,2
DA:132,2
DA:133,2
DA:134,2
DA:135,2
DA:136,2
DA:137,2
DA:138,2
DA:139,2
DA:140,2
DA:141,2
DA:142,2
DA:143,2
LF:84
LH:84
end_of_record
SF:lib\data\models\movie_model.dart
DA:6,5
DA:36,4
DA:37,2
DA:38,2
DA:39,8
DA:40,2
DA:41,2
DA:42,2
DA:43,4
DA:44,2
DA:45,2
DA:46,2
DA:47,2
DA:48,4
DA:49,2
DA:52,2
DA:53,1
DA:54,1
DA:55,4
DA:56,1
DA:57,1
DA:58,1
DA:59,1
DA:60,1
DA:61,1
DA:62,1
DA:63,1
DA:64,1
DA:65,1
DA:68,2
DA:69,2
DA:70,2
DA:71,2
DA:72,2
DA:73,2
DA:74,2
DA:75,2
DA:76,2
DA:77,2
DA:78,2
DA:79,2
DA:80,2
DA:81,2
DA:82,2
DA:86,2
DA:87,2
DA:88,2
DA:89,2
DA:90,2
DA:91,2
DA:92,2
DA:93,2
DA:94,2
DA:95,2
DA:96,2
DA:97,2
DA:98,2
DA:99,2
DA:100,2
LF:59
LH:59
end_of_record
SF:lib\data\models\tv_series_detail_model.dart
DA:8,5
DA:58,2
DA:59,2
DA:60,2
DA:61,2
DA:62,2
DA:63,8
DA:64,2
DA:65,2
DA:66,2
DA:67,8
DA:68,2
DA:69,2
DA:70,2
DA:71,2
DA:72,8
DA:73,2
DA:74,2
DA:75,2
DA:76,4
DA:77,2
DA:78,2
DA:79,8
DA:80,2
DA:81,2
DA:82,2
DA:83,4
DA:84,2
DA:87,2
DA:88,1
DA:89,1
DA:90,5
DA:91,1
DA:92,1
DA:93,1
DA:94,4
DA:95,1
DA:96,1
DA:97,1
DA:98,1
DA:99,4
DA:100,1
DA:101,1
DA:102,1
DA:103,1
DA:104,1
DA:105,5
DA:106,1
DA:107,1
DA:108,1
DA:109,1
DA:110,1
DA:113,1
DA:114,1
DA:115,1
DA:116,1
DA:117,5
DA:118,1
DA:119,1
DA:120,1
DA:121,1
DA:122,1
DA:123,1
DA:124,1
DA:125,5
DA:126,1
DA:127,1
DA:128,1
DA:129,1
DA:130,1
DA:133,2
DA:134,2
DA:135,2
DA:136,2
DA:137,2
DA:138,2
DA:139,2
DA:140,2
DA:141,2
DA:142,2
DA:143,2
DA:144,2
DA:145,2
DA:146,2
DA:147,2
DA:148,2
DA:149,2
DA:150,2
DA:151,2
DA:152,2
DA:153,2
DA:154,2
DA:155,2
DA:156,2
DA:157,2
LF:95
LH:95
end_of_record
SF:lib\data\models\tv_series_model.dart
DA:7,6
DA:37,4
DA:38,2
DA:39,4
DA:40,2
DA:41,2
DA:42,4
DA:43,2
DA:44,2
DA:45,8
DA:46,8
DA:47,2
DA:48,2
DA:49,2
DA:50,2
DA:53,2
DA:54,1
DA:55,1
DA:56,1
DA:57,1
DA:58,1
DA:59,1
DA:60,1
DA:61,4
DA:62,4
DA:63,1
DA:64,1
DA:65,1
DA:66,1
DA:69,2
DA:70,2
DA:71,2
DA:72,2
DA:73,2
DA:74,2
DA:75,2
DA:76,2
DA:77,2
DA:78,2
DA:79,2
DA:80,2
DA:81,2
DA:82,2
DA:83,2
DA:87,2
DA:88,2
DA:89,2
DA:90,2
DA:91,2
DA:92,2
DA:93,2
DA:94,2
DA:95,2
DA:96,2
DA:97,2
DA:98,2
DA:99,2
DA:100,2
DA:101,2
LF:59
LH:59
end_of_record
SF:lib\data\models\tv_series_table.dart
DA:12,5
DA:19,2
DA:20,1
DA:21,1
DA:22,1
DA:23,1
DA:26,2
DA:27,1
DA:28,1
DA:29,1
DA:30,1
DA:33,2
DA:34,1
DA:35,1
DA:36,1
DA:37,1
DA:40,2
DA:41,1
DA:42,1
DA:43,1
DA:44,1
DA:47,2
DA:48,2
DA:49,2
DA:50,2
DA:51,2
DA:52,2
LF:27
LH:27
end_of_record
SF:lib\domain\entities\tv_series.dart
DA:4,5
DA:20,3
DA:50,2
DA:51,2
DA:52,2
DA:53,2
DA:54,2
DA:55,2
DA:56,2
DA:57,2
DA:58,2
DA:59,2
DA:60,2
DA:61,2
DA:62,2
DA:63,2
DA:64,2
LF:17
LH:17
end_of_record
SF:lib\domain\entities\tv_series_detail.dart
DA:8,3
DA:44,1
DA:45,1
DA:46,1
DA:47,1
DA:48,1
DA:49,1
DA:50,1
DA:51,1
DA:52,1
DA:53,1
DA:54,1
DA:55,1
DA:56,1
DA:57,1
DA:58,1
DA:59,1
DA:60,1
DA:61,1
LF:19
LH:19
end_of_record
SF:lib\utils\failure.dart
DA:6,6
DA:8,2
DA:9,4
DA:13,4
DA:17,4
DA:21,4
DA:25,4
LF:7
LH:7
end_of_record
SF:lib\data\models\genre_model.dart
DA:6,11
DA:14,10
DA:15,5
DA:16,5
DA:19,6
DA:20,3
DA:21,3
DA:24,3
DA:25,9
DA:28,4
DA:29,12
LF:11
LH:11
end_of_record
SF:lib\utils\constants.dart
DA:19,0
DA:20,0
DA:21,0
DA:23,0
DA:25,0
DA:29,0
DA:30,0
DA:31,0
DA:32,0
DA:33,0
DA:36,0
DA:37,0
LF:12
LH:0
end_of_record
SF:lib\data\models\movie_response.dart
DA:7,3
DA:9,4
DA:10,4
DA:11,6
DA:12,6
DA:15,2
DA:16,5
DA:19,1
DA:20,2
LF:9
LH:9
end_of_record
SF:lib\data\models\tv_series_response.dart
DA:7,3
DA:9,2
DA:10,2
DA:11,4
DA:12,6
DA:13,4
DA:14,6
DA:17,2
DA:18,5
DA:21,1
DA:22,2
LF:11
LH:11
end_of_record
SF:lib\data\models\season_model.dart
DA:6,7
DA:24,6
DA:25,3
DA:26,3
DA:27,3
DA:28,3
DA:29,3
DA:30,3
DA:31,3
DA:34,4
DA:35,2
DA:36,2
DA:37,2
DA:38,2
DA:39,2
DA:40,2
DA:41,2
DA:44,2
DA:45,2
DA:46,2
DA:47,2
DA:48,2
DA:49,2
DA:50,2
DA:51,2
DA:52,2
DA:56,3
DA:57,3
DA:58,3
DA:59,3
DA:60,3
DA:61,3
DA:62,3
DA:63,3
DA:64,3
LF:35
LH:35
end_of_record
SF:lib\domain\entities\season.dart
DA:4,5
DA:22,2
DA:23,2
DA:24,2
DA:25,2
DA:26,2
DA:27,2
DA:28,2
DA:29,2
DA:30,2
LF:10
LH:10
end_of_record
SF:lib\data\repositories\movie_repository_impl.dart
DA:17,1
DA:22,1
DA:25,2
DA:26,5
DA:27,1
DA:29,1
DA:31,1
DA:36,1
DA:39,2
DA:40,2
DA:41,1
DA:43,1
DA:45,1
DA:50,1
DA:53,2
DA:54,3
DA:55,1
DA:57,1
DA:59,1
DA:64,1
DA:67,2
DA:68,5
DA:69,1
DA:71,1
DA:73,1
DA:78,1
DA:81,2
DA:82,5
DA:83,1
DA:85,1
DA:87,1
DA:92,1
DA:95,2
DA:96,5
DA:97,1
DA:99,1
DA:101,1
DA:106,1
DA:110,3
DA:111,1
DA:112,1
DA:113,3
DA:119,1
DA:123,3
DA:124,1
DA:125,1
DA:126,3
DA:130,1
DA:132,2
DA:136,1
DA:138,2
DA:139,5
LF:52
LH:52
end_of_record
SF:lib\data\repositories\tv_series_repository_impl.dart
DA:17,1
DA:22,1
DA:25,2
DA:26,5
DA:27,1
DA:29,1
DA:31,1
DA:36,1
DA:39,2
DA:40,5
DA:41,1
DA:43,1
DA:45,1
DA:50,1
DA:53,2
DA:54,5
DA:55,1
DA:57,1
DA:59,1
DA:64,1
DA:67,2
DA:68,5
DA:69,1
DA:71,1
DA:73,1
DA:78,1
DA:81,2
DA:82,2
DA:83,1
DA:85,1
DA:87,1
DA:92,1
DA:97,2
DA:98,3
DA:99,1
DA:101,1
DA:103,1
DA:108,1
DA:110,2
DA:111,5
DA:114,1
DA:116,2
DA:120,1
DA:123,1
DA:124,2
DA:125,1
DA:126,1
DA:127,3
DA:131,1
DA:134,1
DA:135,2
DA:136,1
DA:137,1
DA:138,3
LF:54
LH:54
end_of_record
