SF:lib\domain\get_now_playing_tv_series.dart
DA:9,1
DA:11,1
DA:12,2
LF:3
LH:3
end_of_record
SF:lib\domain\get_popular_tv_series.dart
DA:10,1
DA:12,1
DA:13,2
LF:3
LH:3
end_of_record
SF:lib\domain\get_top_rated_tv_series.dart
DA:10,1
DA:12,1
DA:13,2
LF:3
LH:3
end_of_record
SF:lib\domain\get_tv_series_detail.dart
DA:10,1
DA:12,1
DA:13,2
LF:3
LH:3
end_of_record
SF:lib\domain\get_tv_series_recommendations.dart
DA:10,1
DA:12,1
DA:13,2
LF:3
LH:3
end_of_record
SF:lib\domain\get_watchlist_status_tv_series.dart
DA:6,1
DA:8,1
DA:9,2
LF:3
LH:3
end_of_record
SF:lib\domain\get_watchlist_tv_series.dart
DA:10,1
DA:12,1
DA:13,2
LF:3
LH:3
end_of_record
SF:lib\domain\remove_watchlist_tv_series.dart
DA:10,1
DA:12,1
DA:13,2
LF:3
LH:3
end_of_record
SF:lib\domain\save_watchlist_tv_series.dart
DA:10,1
DA:12,1
DA:13,2
LF:3
LH:3
end_of_record
SF:lib\domain\search_tv_series.dart
DA:10,1
DA:12,1
DA:13,2
LF:3
LH:3
end_of_record
SF:lib\presentation\bloc\detail\detail_tv_bloc.dart
DA:25,1
DA:31,2
DA:32,2
DA:33,3
DA:35,1
DA:37,2
DA:38,2
DA:40,1
DA:41,2
DA:42,2
DA:44,1
DA:47,1
DA:48,1
DA:49,2
DA:55,1
DA:56,2
DA:57,2
DA:59,1
DA:62,1
DA:63,1
DA:64,1
DA:65,2
DA:70,1
DA:71,2
DA:83,2
DA:84,1
DA:85,2
DA:87,1
DA:88,5
DA:89,1
DA:90,3
DA:93,3
DA:96,2
DA:97,1
DA:98,2
DA:100,1
DA:101,5
DA:102,1
DA:103,3
DA:106,3
DA:109,2
DA:110,3
DA:111,3
LF:43
LH:43
end_of_record
SF:lib\presentation\bloc\detail\detail_tv_event.dart
DA:13,2
DA:23,2
DA:33,2
DA:43,2
LF:4
LH:4
end_of_record
SF:lib\presentation\bloc\detail\detail_tv_state.dart
DA:12,9
DA:22,1
DA:24,1
DA:25,1
DA:26,1
DA:27,1
DA:28,1
DA:29,1
DA:30,1
DA:31,1
DA:35,2
DA:44,2
DA:45,2
DA:46,2
DA:47,2
DA:48,2
DA:49,2
DA:50,2
DA:51,2
DA:55,2
LF:20
LH:20
end_of_record
SF:lib\presentation\bloc\now_playing\now_playing_tv_bloc.dart
DA:14,1
DA:15,2
DA:16,2
DA:17,2
DA:19,2
DA:21,1
DA:22,4
DA:23,3
LF:8
LH:8
end_of_record
SF:lib\presentation\bloc\now_playing\now_playing_tv_state.dart
DA:4,4
DA:6,1
DA:7,1
DA:17,3
DA:19,1
DA:20,2
DA:26,2
DA:28,1
DA:29,2
LF:9
LH:9
end_of_record
SF:lib\presentation\bloc\now_playing\now_playing_tv_event.dart
DA:4,2
LF:1
LH:1
end_of_record
SF:lib\presentation\bloc\popular\popular_tv_state.dart
DA:4,4
DA:6,1
DA:7,1
DA:17,3
DA:19,1
DA:20,2
DA:26,2
DA:28,1
DA:29,2
LF:9
LH:9
end_of_record
SF:lib\presentation\bloc\popular\popular_tv_bloc.dart
DA:14,1
DA:15,2
DA:16,2
DA:17,2
DA:19,2
DA:21,1
DA:22,4
DA:23,3
LF:8
LH:8
end_of_record
SF:lib\presentation\bloc\popular\popular_tv_event.dart
DA:4,2
LF:1
LH:1
end_of_record
SF:lib\presentation\bloc\recommendation\recommendation_tv_event.dart
DA:4,1
DA:14,1
LF:2
LH:2
end_of_record
SF:lib\presentation\bloc\recommendation\recommendation_tv_state.dart
DA:4,2
DA:6,1
DA:7,1
DA:17,2
DA:19,1
DA:20,2
DA:26,1
DA:28,1
DA:29,2
LF:9
LH:9
end_of_record
SF:lib\presentation\bloc\recommendation\recommendation_tv_bloc.dart
DA:13,1
DA:14,2
DA:15,2
DA:16,2
DA:18,1
DA:19,2
DA:21,1
DA:22,4
DA:23,1
DA:24,1
DA:25,2
DA:27,2
LF:12
LH:12
end_of_record
SF:lib\presentation\bloc\top_rated\top_rated_tv_event.dart
DA:4,2
LF:1
LH:1
end_of_record
SF:lib\presentation\bloc\top_rated\top_rated_tv_bloc.dart
DA:14,1
DA:15,2
DA:16,2
DA:17,2
DA:19,2
DA:21,1
DA:22,4
DA:23,3
LF:8
LH:8
end_of_record
SF:lib\presentation\bloc\top_rated\top_rated_tv_state.dart
DA:4,4
DA:6,1
DA:7,1
DA:17,3
DA:19,1
DA:20,2
DA:26,2
DA:28,1
DA:29,2
LF:9
LH:9
end_of_record
SF:lib\presentation\bloc\search\search_tv_state.dart
DA:4,4
DA:6,1
DA:7,1
DA:19,3
DA:21,1
DA:22,2
DA:28,2
DA:30,1
DA:31,2
LF:9
LH:9
end_of_record
SF:lib\presentation\bloc\search\search_tv_event.dart
DA:4,1
DA:14,1
LF:2
LH:2
end_of_record
SF:lib\presentation\bloc\search\search_tv_bloc.dart
DA:15,3
DA:16,2
DA:17,1
DA:19,2
DA:21,2
DA:22,1
DA:23,1
DA:24,3
DA:26,1
DA:27,1
DA:28,2
DA:30,2
DA:34,1
DA:37,1
DA:38,3
LF:15
LH:15
end_of_record
SF:lib\presentation\bloc\watchlist\watchlist_tv_state.dart
DA:4,4
DA:6,1
DA:7,1
DA:17,3
DA:19,1
DA:20,2
DA:26,2
DA:28,1
DA:29,2
LF:9
LH:9
end_of_record
SF:lib\presentation\bloc\watchlist\watchlist_tv_event.dart
DA:4,2
LF:1
LH:1
end_of_record
SF:lib\presentation\bloc\watchlist\watchlist_tv_bloc.dart
DA:14,1
DA:15,2
DA:16,2
DA:17,2
DA:19,2
DA:21,1
DA:22,4
DA:23,1
DA:24,1
DA:25,2
DA:27,2
LF:11
LH:11
end_of_record
SF:lib\presentation\bloc\watchlist_status\watchlist_status_tv_event.dart
DA:4,2
DA:14,1
DA:24,1
DA:34,1
LF:4
LH:4
end_of_record
SF:lib\presentation\bloc\watchlist_status\watchlist_status_tv_state.dart
DA:7,3
DA:12,1
DA:13,3
LF:3
LH:3
end_of_record
SF:lib\presentation\bloc\watchlist_status\watchlist_status_tv_bloc.dart
DA:21,1
DA:25,1
DA:27,2
DA:28,1
DA:29,1
DA:31,2
DA:32,2
DA:34,1
DA:35,1
DA:36,2
DA:38,1
DA:41,1
DA:42,2
DA:50,2
DA:51,1
DA:52,1
DA:54,2
DA:55,2
DA:57,1
DA:58,1
DA:59,2
DA:61,1
DA:64,1
DA:65,2
DA:73,2
DA:74,1
DA:75,2
DA:77,2
LF:28
LH:28
end_of_record
SF:lib\presentation\pages\now_playing_tv_series_page.dart
DA:10,1
DA:12,1
DA:13,1
DA:18,1
DA:20,1
DA:21,2
DA:22,4
DA:25,1
DA:27,1
DA:28,1
DA:31,1
DA:33,1
DA:34,1
DA:35,1
DA:39,1
DA:40,1
DA:41,1
DA:42,2
DA:43,1
DA:45,2
DA:47,1
DA:48,1
DA:50,2
LF:23
LH:23
end_of_record
SF:lib\presentation\pages\tv_series_detail_page.dart
DA:17,1
DA:19,1
DA:20,1
DA:25,1
DA:27,1
DA:28,2
DA:29,2
DA:30,4
DA:31,6
DA:35,1
DA:37,1
DA:38,1
DA:39,1
DA:40,1
DA:41,1
DA:42,1
DA:43,2
DA:44,1
DA:45,1
DA:49,1
DA:51,1
DA:52,1
DA:53,1
DA:59,1
DA:60,3
DA:61,2
DA:63,1
DA:64,1
DA:65,1
DA:69,1
DA:70,1
DA:71,1
DA:72,1
DA:73,1
DA:74,1
DA:77,1
DA:78,1
DA:79,2
DA:82,1
DA:95,1
DA:102,1
DA:104,3
DA:105,1
DA:106,1
DA:107,1
DA:108,3
DA:110,1
DA:113,0
DA:115,1
DA:117,1
DA:118,1
DA:119,1
DA:129,1
DA:130,1
DA:131,1
DA:133,1
DA:135,1
DA:137,1
DA:138,1
DA:139,2
DA:140,1
DA:142,1
DA:143,1
DA:144,1
DA:146,1
DA:147,3
DA:151,1
DA:152,3
DA:156,1
DA:158,1
DA:159,1
DA:166,1
DA:167,3
DA:169,1
DA:170,1
DA:171,1
DA:172,3
DA:174,1
DA:180,4
DA:184,1
DA:186,1
DA:188,1
DA:189,2
DA:192,1
DA:194,1
DA:196,1
DA:198,1
DA:200,4
DA:201,1
DA:202,1
DA:203,1
DA:205,1
DA:207,1
DA:210,1
DA:211,1
DA:212,1
DA:213,1
DA:215,1
DA:216,2
DA:217,1
DA:223,1
DA:227,1
DA:229,1
DA:231,1
DA:232,1
DA:233,1
DA:234,1
DA:238,1
DA:239,1
DA:241,1
DA:243,1
DA:244,2
DA:245,1
DA:247,1
DA:248,0
DA:249,0
DA:252,0
DA:255,1
DA:260,1
DA:262,2
DA:263,1
DA:267,0
DA:274,2
DA:277,0
DA:278,0
DA:279,0
DA:290,1
DA:292,1
DA:307,1
DA:309,1
DA:312,1
DA:314,0
DA:315,0
DA:324,1
DA:326,2
DA:327,3
DA:330,1
DA:334,3
LF:138
LH:128
end_of_record
SF:lib\presentation\widget\tv_series_card_list.dart
DA:11,5
DA:13,5
DA:15,5
DA:17,5
DA:18,0
DA:19,0
DA:22,0
DA:25,5
DA:27,5
DA:28,5
DA:29,5
DA:35,5
DA:37,5
DA:38,5
DA:39,10
DA:42,5
DA:44,5
DA:45,5
DA:46,10
DA:54,5
DA:59,5
DA:60,5
DA:61,15
DA:63,10
DA:64,5
DA:66,0
DA:68,10
LF:27
LH:23
end_of_record
SF:lib\presentation\pages\popular_tv_series_page.dart
DA:10,1
DA:12,1
DA:13,1
DA:18,1
DA:20,1
DA:21,1
DA:22,5
DA:25,1
DA:27,1
DA:28,1
DA:31,1
DA:33,1
DA:34,1
DA:35,1
DA:39,1
DA:40,1
DA:41,1
DA:42,2
DA:43,1
DA:45,2
DA:47,1
DA:48,1
DA:50,2
LF:23
LH:23
end_of_record
SF:lib\presentation\pages\top_rated_tv_series_page.dart
DA:10,1
DA:12,1
DA:13,1
DA:18,1
DA:20,1
DA:21,2
DA:22,4
DA:25,1
DA:27,1
DA:28,1
DA:31,1
DA:33,1
DA:34,1
DA:35,1
DA:39,1
DA:40,1
DA:41,1
DA:42,2
DA:43,1
DA:45,2
DA:47,1
DA:48,1
DA:50,2
LF:23
LH:23
end_of_record
SF:lib\presentation\pages\search_tv_series_page.dart
DA:11,1
DA:13,1
DA:15,1
DA:16,1
DA:19,1
DA:21,1
DA:23,1
DA:24,1
DA:25,0
DA:27,0
DA:28,0
DA:38,1
DA:40,1
DA:42,1
DA:43,1
DA:44,1
DA:50,1
DA:51,1
DA:52,1
DA:53,1
DA:55,1
DA:56,1
DA:57,1
DA:59,1
DA:62,1
DA:63,1
DA:64,1
DA:65,1
DA:67,1
DA:70,2
DA:75,1
DA:76,1
DA:77,1
DA:78,1
DA:79,1
DA:85,1
DA:86,1
LF:37
LH:34
end_of_record
SF:lib\presentation\pages\watchlist_tv_series_page.dart
DA:8,1
DA:10,1
DA:11,1
DA:17,1
DA:19,1
DA:20,2
DA:21,4
DA:24,1
DA:26,1
DA:27,4
DA:30,0
DA:32,0
DA:35,1
DA:37,1
DA:38,1
DA:43,1
DA:45,1
DA:46,1
DA:47,1
DA:51,1
DA:52,1
DA:53,2
DA:54,1
DA:55,2
DA:56,1
DA:59,1
DA:60,1
DA:62,2
DA:82,1
DA:84,2
DA:85,1
LF:31
LH:29
end_of_record
