SF:lib\domain\get_movie_detail.dart
DA:9,1
DA:11,1
DA:12,2
LF:3
LH:3
end_of_record
SF:lib\domain\get_movie_recommendations.dart
DA:9,1
DA:11,1
DA:12,2
LF:3
LH:3
end_of_record
SF:lib\domain\get_now_playing_movies.dart
DA:9,1
DA:11,1
DA:12,2
LF:3
LH:3
end_of_record
SF:lib\domain\get_popular_movies.dart
DA:9,1
DA:11,1
DA:12,2
LF:3
LH:3
end_of_record
SF:lib\domain\get_top_rated_movies.dart
DA:9,1
DA:11,1
DA:12,2
LF:3
LH:3
end_of_record
SF:lib\domain\get_watchlist_movies.dart
DA:9,1
DA:11,1
DA:12,2
LF:3
LH:3
end_of_record
SF:lib\domain\get_watchlist_status.dart
DA:7,1
DA:9,1
DA:10,2
LF:3
LH:3
end_of_record
SF:lib\domain\remove_watchlist.dart
DA:9,1
DA:11,1
DA:12,2
LF:3
LH:3
end_of_record
SF:lib\domain\save_watchlist.dart
DA:9,1
DA:11,1
DA:12,2
LF:3
LH:3
end_of_record
SF:lib\domain\search_movies.dart
DA:8,1
DA:10,1
DA:11,2
LF:3
LH:3
end_of_record
SF:lib\presentation\blocs\detail\detail_movies_state.dart
DA:12,8
DA:22,1
DA:24,1
DA:25,1
DA:26,1
DA:27,1
DA:28,1
DA:29,1
DA:30,1
DA:31,1
DA:35,2
DA:44,2
DA:45,2
DA:46,2
DA:47,2
DA:49,2
DA:50,2
DA:51,2
DA:52,2
DA:56,2
LF:20
LH:20
end_of_record
SF:lib\presentation\blocs\detail\detail_movies_event.dart
DA:14,2
DA:24,2
DA:34,2
DA:44,2
LF:4
LH:4
end_of_record
SF:lib\presentation\blocs\detail\detail_movies_bloc.dart
DA:25,1
DA:31,2
DA:32,2
DA:33,3
DA:35,1
DA:37,2
DA:38,2
DA:40,1
DA:41,2
DA:42,2
DA:44,1
DA:47,1
DA:48,1
DA:49,2
DA:55,1
DA:56,2
DA:57,2
DA:59,1
DA:62,1
DA:63,1
DA:64,1
DA:65,2
DA:70,1
DA:71,2
DA:83,2
DA:84,1
DA:85,2
DA:87,1
DA:88,5
DA:89,1
DA:90,3
DA:93,3
DA:96,2
DA:97,1
DA:98,2
DA:100,1
DA:101,5
DA:102,1
DA:103,3
DA:106,3
DA:109,2
DA:110,3
DA:111,3
LF:43
LH:43
end_of_record
SF:lib\presentation\blocs\now_playing\now_playing_movies_state.dart
DA:4,1
DA:5,1
DA:15,1
DA:17,1
DA:18,2
DA:24,1
DA:26,1
DA:27,2
LF:8
LH:8
end_of_record
SF:lib\presentation\blocs\now_playing\now_playing_movies_bloc.dart
DA:13,3
DA:14,2
DA:15,2
DA:17,2
DA:19,1
DA:20,4
DA:21,1
DA:22,1
DA:23,2
DA:25,2
LF:10
LH:10
end_of_record
SF:lib\presentation\blocs\now_playing\now_playing_movies_event.dart
LF:0
LH:0
end_of_record
SF:lib\presentation\blocs\popular\popular_movies_state.dart
DA:4,1
DA:5,1
DA:15,2
DA:17,1
DA:18,2
DA:24,2
DA:26,1
DA:27,2
LF:8
LH:8
end_of_record
SF:lib\presentation\blocs\popular\popular_movies_bloc.dart
DA:12,3
DA:13,2
DA:14,2
DA:16,2
DA:18,1
DA:19,4
DA:20,1
DA:21,1
DA:22,2
DA:24,2
LF:10
LH:10
end_of_record
SF:lib\presentation\blocs\popular\popular_movies_event.dart
LF:0
LH:0
end_of_record
SF:lib\presentation\blocs\top_rated\top_rated_movies_bloc.dart
DA:13,3
DA:14,2
DA:15,2
DA:17,2
DA:19,1
DA:20,4
DA:21,1
DA:22,1
DA:23,2
DA:25,2
LF:10
LH:10
end_of_record
SF:lib\presentation\blocs\top_rated\top_rated_movies_event.dart
LF:0
LH:0
end_of_record
SF:lib\presentation\blocs\top_rated\top_rated_movies_state.dart
DA:4,1
DA:5,1
DA:15,2
DA:17,1
DA:18,2
DA:24,2
DA:26,1
DA:27,2
LF:8
LH:8
end_of_record
SF:lib\presentation\blocs\watchlist\watchlist_movies_bloc.dart
DA:14,1
DA:15,2
DA:16,2
DA:17,2
DA:19,2
DA:21,1
DA:22,4
DA:23,1
DA:24,1
DA:25,2
DA:27,2
LF:11
LH:11
end_of_record
SF:lib\presentation\blocs\watchlist\watchlist_movies_state.dart
DA:4,1
DA:5,1
DA:15,2
DA:17,1
DA:18,2
DA:24,2
DA:26,1
DA:27,2
LF:8
LH:8
end_of_record
SF:lib\presentation\blocs\watchlist\watchlist_movies_event.dart
LF:0
LH:0
end_of_record
SF:lib\presentation\blocs\search\search_movies_state.dart
DA:4,4
DA:6,1
DA:7,1
DA:19,3
DA:21,1
DA:22,2
DA:28,2
DA:30,1
DA:31,2
LF:9
LH:9
end_of_record
SF:lib\presentation\blocs\search\search_movies_event.dart
DA:4,1
DA:14,1
LF:2
LH:2
end_of_record
SF:lib\presentation\blocs\search\search_movies_bloc.dart
DA:14,3
DA:15,2
DA:16,1
DA:18,2
DA:20,2
DA:21,1
DA:22,1
DA:23,3
DA:25,1
DA:26,1
DA:27,2
DA:29,2
DA:33,1
DA:36,1
DA:37,3
LF:15
LH:15
end_of_record
SF:lib\presentation\pages\popular_movies_page.dart
DA:10,1
DA:12,1
DA:13,1
DA:18,1
DA:20,1
DA:21,1
DA:22,5
DA:25,1
DA:27,1
DA:28,1
DA:31,1
DA:33,1
DA:34,1
DA:35,1
DA:39,1
DA:40,1
DA:41,1
DA:42,2
DA:43,1
DA:45,2
DA:47,1
DA:48,1
DA:50,2
LF:23
LH:23
end_of_record
SF:lib\presentation\widget\movie_card_list.dart
DA:12,4
DA:14,4
DA:16,4
DA:18,4
DA:19,0
DA:20,0
DA:23,0
DA:26,4
DA:28,4
DA:29,4
DA:30,4
DA:36,4
DA:38,4
DA:39,4
DA:40,8
DA:43,4
DA:45,4
DA:46,4
DA:47,8
DA:55,4
DA:60,4
DA:61,4
DA:62,12
DA:64,8
DA:65,4
DA:67,0
DA:69,8
LF:27
LH:23
end_of_record
SF:lib\presentation\pages\movie_detail_page.dart
DA:17,1
DA:19,1
DA:20,1
DA:25,1
DA:27,1
DA:28,2
DA:29,6
DA:30,6
DA:34,1
DA:36,1
DA:37,1
DA:38,1
DA:39,1
DA:40,1
DA:41,1
DA:42,2
DA:43,1
DA:44,1
DA:48,1
DA:50,1
DA:51,1
DA:52,1
DA:58,1
DA:59,3
DA:60,2
DA:62,1
DA:63,1
DA:64,1
DA:68,1
DA:69,1
DA:70,1
DA:71,1
DA:72,1
DA:73,1
DA:76,1
DA:77,1
DA:78,2
DA:81,1
DA:94,1
DA:96,1
DA:98,3
DA:99,1
DA:100,1
DA:101,1
DA:102,3
DA:104,1
DA:107,0
DA:109,1
DA:111,1
DA:112,1
DA:113,1
DA:123,1
DA:124,1
DA:125,1
DA:127,1
DA:129,1
DA:131,1
DA:132,1
DA:133,2
DA:134,1
DA:136,1
DA:137,1
DA:138,1
DA:139,1
DA:140,3
DA:142,1
DA:143,3
DA:146,1
DA:148,1
DA:149,1
DA:156,1
DA:157,3
DA:159,1
DA:160,3
DA:162,1
DA:163,1
DA:164,1
DA:165,3
DA:167,1
DA:173,4
DA:177,1
DA:179,1
DA:181,1
DA:182,2
DA:185,1
DA:187,1
DA:189,1
DA:190,1
DA:191,1
DA:192,1
DA:196,1
DA:197,1
DA:199,1
DA:201,1
DA:202,2
DA:203,1
DA:205,1
DA:206,0
DA:207,0
DA:210,0
DA:213,1
DA:218,1
DA:220,2
DA:221,1
DA:225,0
DA:232,2
DA:235,1
DA:236,2
DA:246,1
DA:248,1
DA:263,1
DA:265,1
DA:268,1
DA:270,0
DA:271,0
DA:280,1
DA:282,2
DA:283,3
DA:286,1
DA:290,3
DA:293,1
DA:294,1
DA:295,1
DA:297,1
DA:298,1
DA:300,0
LF:126
LH:118
end_of_record
SF:lib\presentation\pages\top_rated_movies_page.dart
DA:10,1
DA:12,1
DA:13,1
DA:18,1
DA:20,1
DA:21,1
DA:22,5
DA:25,1
DA:27,1
DA:28,1
DA:31,1
DA:33,1
DA:34,1
DA:35,1
DA:39,1
DA:40,1
DA:41,1
DA:42,2
DA:43,1
DA:45,2
DA:47,1
DA:48,1
DA:50,2
LF:23
LH:23
end_of_record
SF:lib\presentation\pages\search_movies_page.dart
DA:11,1
DA:13,1
DA:15,1
DA:16,1
DA:17,1
DA:19,1
DA:21,1
DA:23,1
DA:24,1
DA:25,0
DA:27,0
DA:28,0
DA:38,1
DA:40,1
DA:42,1
DA:43,1
DA:44,1
DA:50,1
DA:51,1
DA:52,1
DA:53,1
DA:55,1
DA:56,1
DA:57,1
DA:59,1
DA:62,1
DA:63,1
DA:64,1
DA:65,1
DA:67,1
DA:70,2
DA:75,1
DA:76,1
DA:77,1
DA:79,2
DA:83,1
DA:84,1
LF:37
LH:34
end_of_record
SF:lib\presentation\pages\watchlist_movies_page.dart
DA:11,1
DA:13,1
DA:14,1
DA:20,1
DA:22,1
DA:23,1
DA:24,5
DA:27,1
DA:29,1
DA:30,4
DA:33,0
DA:34,0
DA:37,1
DA:39,1
DA:40,1
DA:44,1
DA:46,1
DA:47,1
DA:48,1
DA:52,1
DA:53,1
DA:54,1
DA:55,2
DA:56,1
DA:58,2
DA:60,1
DA:61,1
DA:63,2
DA:86,1
DA:88,2
DA:89,1
LF:31
LH:29
end_of_record
