SF:lib\main.dart
DA:37,1
DA:38,1
DA:40,1
DA:42,1
DA:44,1
DA:45,1
DA:48,2
DA:52,1
DA:54,1
DA:55,1
DA:56,1
DA:57,3
DA:59,1
DA:60,3
DA:62,1
DA:63,3
DA:65,1
DA:66,0
DA:68,1
DA:69,3
DA:71,1
DA:72,0
DA:74,1
DA:75,3
DA:77,1
DA:78,3
DA:80,1
DA:81,3
DA:83,1
DA:84,0
DA:86,1
DA:87,0
DA:89,1
DA:90,0
DA:92,1
DA:93,0
DA:95,1
DA:96,0
DA:99,1
DA:101,2
DA:105,1
DA:106,1
DA:109,2
DA:110,1
DA:111,1
DA:112,1
DA:113,2
DA:114,1
DA:115,2
DA:116,1
DA:117,0
DA:118,1
DA:119,0
DA:120,1
DA:121,0
DA:122,0
DA:123,0
DA:124,1
DA:125,0
DA:126,1
DA:127,0
DA:128,1
DA:129,0
DA:130,1
DA:131,0
DA:132,1
DA:133,0
DA:134,1
DA:135,0
DA:136,0
DA:137,0
DA:138,1
DA:139,3
DA:141,0
LF:74
LH:53
end_of_record
SF:lib\firebase_options.dart
DA:18,1
DA:22,1
DA:23,1
DA:25,0
DA:27,0
DA:28,0
DA:32,0
DA:33,0
DA:37,0
DA:38,0
DA:43,0
LF:11
LH:3
end_of_record
SF:lib\injection.dart
DA:48,3
DA:50,1
DA:52,6
DA:53,6
DA:54,6
DA:55,2
DA:56,0
DA:57,0
DA:58,0
DA:59,0
DA:60,0
DA:61,0
DA:64,6
DA:65,2
DA:68,6
DA:69,6
DA:70,6
DA:71,2
DA:72,0
DA:73,0
DA:74,0
DA:75,0
DA:76,0
DA:79,2
DA:80,2
DA:81,0
DA:82,0
DA:83,0
DA:84,0
DA:87,2
DA:88,2
DA:91,6
DA:92,6
DA:93,6
DA:94,2
DA:95,2
DA:96,2
DA:97,2
DA:98,2
DA:99,2
DA:100,6
DA:103,6
DA:104,6
DA:105,6
DA:106,2
DA:107,2
DA:108,2
DA:109,2
DA:110,2
DA:111,2
DA:112,2
DA:115,2
DA:116,2
DA:117,2
DA:118,2
DA:121,2
DA:122,2
DA:123,2
DA:124,2
DA:129,2
DA:130,4
DA:131,2
DA:132,4
DA:133,2
DA:134,4
DA:135,2
DA:136,4
DA:139,4
DA:142,4
LF:69
LH:54
end_of_record
